<?xml version="1.0" encoding="UTF-8"?>
<!-- Generated by org.testng.reporters.JUnitReportReporter -->
<testsuite hostname="DESKTOP-V20L4KL" failures="0" tests="1" name="com.test.java.classes.TwitterTicketSendDMWorkflowFunctionality" time="121.921" errors="1" timestamp="2022-12-15T12:37:45 IST" skipped="0">
  <testcase classname="com.test.java.classes.TwitterTicketSendDMWorkflowFunctionality" name="ticketFunctionality" time="121.921">
    <error message="Index: 21, Size: 12" type="java.lang.IndexOutOfBoundsException">
      <![CDATA[java.lang.IndexOutOfBoundsException: Index: 21, Size: 12
at java.base/java.util.ArrayList.rangeCheckForAdd(ArrayList.java:756)
at java.base/java.util.ArrayList.add(ArrayList.java:481)
at com.test.java.utilities.TwitterTicketSendDMWorkflow.verifyClosedTicket(TwitterTicketSendDMWorkflow.java:487)
at com.test.java.utilities.TwitterTicketSendDMWorkflow.replyWorkFlow(TwitterTicketSendDMWorkflow.java:436)
at com.test.java.utilities.TwitterTicketSendDMWorkflow.checkReplyType(TwitterTicketSendDMWorkflow.java:368)
at com.test.java.utilities.TwitterTicketSendDMWorkflow.openDetailsButton(TwitterTicketSendDMWorkflow.java:315)
at com.test.java.classes.TwitterTicketSendDMWorkflowFunctionality.ticketFunctionality(TwitterTicketSendDMWorkflowFunctionality.java:42)
at java.base/jdk.internal.reflect.NativeMethodAccessorImpl.invoke0(Native Method)
at java.base/jdk.internal.reflect.NativeMethodAccessorImpl.invoke(NativeMethodAccessorImpl.java:77)
at java.base/jdk.internal.reflect.DelegatingMethodAccessorImpl.invoke(DelegatingMethodAccessorImpl.java:43)
at java.base/java.lang.reflect.Method.invoke(Method.java:568)
at org.testng.internal.MethodInvocationHelper.invokeMethod(MethodInvocationHelper.java:133)
at org.testng.internal.TestInvoker.invokeMethod(TestInvoker.java:598)
at org.testng.internal.TestInvoker.invokeTestMethod(TestInvoker.java:173)
at org.testng.internal.MethodRunner.runInSequence(MethodRunner.java:46)
at org.testng.internal.TestInvoker$MethodInvocationAgent.invoke(TestInvoker.java:824)
at org.testng.internal.TestInvoker.invokeTestMethods(TestInvoker.java:146)
at org.testng.internal.TestMethodWorker.invokeTestMethods(TestMethodWorker.java:146)
at org.testng.internal.TestMethodWorker.run(TestMethodWorker.java:128)
at java.base/java.util.ArrayList.forEach(ArrayList.java:1511)
at org.testng.TestRunner.privateRun(TestRunner.java:794)
at org.testng.TestRunner.run(TestRunner.java:596)
at org.testng.SuiteRunner.runTest(SuiteRunner.java:377)
at org.testng.SuiteRunner.runSequentially(SuiteRunner.java:371)
at org.testng.SuiteRunner.privateRun(SuiteRunner.java:332)
at org.testng.SuiteRunner.run(SuiteRunner.java:276)
at org.testng.SuiteRunnerWorker.runSuite(SuiteRunnerWorker.java:53)
at org.testng.SuiteRunnerWorker.run(SuiteRunnerWorker.java:96)
at org.testng.TestNG.runSuitesSequentially(TestNG.java:1212)
at org.testng.TestNG.runSuitesLocally(TestNG.java:1134)
at org.testng.TestNG.runSuites(TestNG.java:1063)
at org.testng.TestNG.run(TestNG.java:1031)
at org.testng.remote.AbstractRemoteTestNG.run(AbstractRemoteTestNG.java:115)
at org.testng.remote.RemoteTestNG.initAndRun(RemoteTestNG.java:251)
at org.testng.remote.RemoteTestNG.main(RemoteTestNG.java:77)
]]>
    </error>
  </testcase> <!-- ticketFunctionality -->
  <system-out/>
</testsuite> <!-- com.test.java.classes.TwitterTicketSendDMWorkflowFunctionality -->
